2025-11-25 04:03:59 UTC - Fetching weekly: /g/11b7cbc45l	Alliance Air Freight & Trucking Company
2025-11-25 04:03:59 UTC - Unexpected error: [Errno 13] Permission denied: '/g'
2025-11-25 04:31:22 UTC - Fetching weekly: /g/11b7rcp23h	Behavior Problems of the Dog and Cat
2025-11-25 04:31:22 UTC - Unexpected error: [Errno 13] Permission denied: '/g'
2025-11-25 04:41:55 UTC - Fetching weekly: /g/11b7rnwzwv	Problems and Materials on Secured Transactions
2025-11-25 04:41:55 UTC - Unexpected error: [Errno 13] Permission denied: '/g'
2025-11-25 04:55:47 UTC - Fetching weekly: /g/11b804x9ty	Hewlett Packard Enterprise
2025-11-25 04:55:48 UTC - Unexpected error: [Errno 13] Permission denied: '/g'
2025-11-25 05:27:01 UTC - Fetching weekly: /g/11bc7cxffs	Plunkett's Outsourcing and Offshoring Industry Almanac: The Only Complete Guide to the Outsourcing and Offshoring Industry
2025-11-25 05:27:01 UTC - Unexpected error: [Errno 13] Permission denied: '/g'
2025-11-25 05:45:58 UTC - Fetching weekly: /g/11btlk40md	The Book with No Pictures
2025-11-25 05:45:58 UTC - Unexpected error: [Errno 13] Permission denied: '/g'
2025-11-25 06:38:09 UTC - Fetching weekly: /g/11bw20tyhz	Altex Computers & Electronics
2025-11-25 06:38:09 UTC - Unexpected error: [Errno 13] Permission denied: '/g'
2025-11-25 06:51:33 UTC - Fetching weekly: /g/11bw5xsckq	Forestry
2025-11-25 07:01:34 UTC - FAILED window 2015-01-01 00:00:00–2015-04-01 00:00:00
2025-11-25 07:28:32 UTC - Fetching weekly: /g/11bwd8dt2f	Carl Van
2025-11-25 07:38:33 UTC - FAILED window 2015-01-01 00:00:00–2015-04-01 00:00:00
2025-11-25 07:43:44 UTC - Fetching weekly: /g/11bwfw_r_p	Luxury Hotels: America
2025-11-25 07:53:44 UTC - FAILED window 2015-01-01 00:00:00–2015-04-01 00:00:00
