
2025-11-17 04:41:46 UTC - Selected keyword: agriculture
2025-11-17 04:41:46 UTC - Saved file: /home/runner/work/sri-lanka-trends-collector/sri-lanka-trends-collector/data/raw/agriculture_20251117_0441.csv
2025-11-17 04:41:46 UTC - SUCCESS: agriculture
2025-11-17 04:41:46 UTC - Run finished.

2025-11-17 04:45:51 UTC - Selected keyword: airport
2025-11-17 04:45:52 UTC - Saved file: /home/runner/work/sri-lanka-trends-collector/sri-lanka-trends-collector/data/raw/airport_20251117_0445.csv
2025-11-17 04:45:52 UTC - SUCCESS: airport
2025-11-17 04:45:52 UTC - Run finished.

2025-11-17 05:17:24 UTC - Selected keyword: apartment
2025-11-17 05:17:25 UTC - Saved file: /home/runner/work/sri-lanka-trends-collector/sri-lanka-trends-collector/data/raw/apartment_20251117_0517.csv
2025-11-17 05:17:25 UTC - SUCCESS: apartment
2025-11-17 05:17:25 UTC - Run finished.

2025-11-17 05:42:27 UTC - Selected keyword: architect
2025-11-17 05:42:28 UTC - Saved file: /home/runner/work/sri-lanka-trends-collector/sri-lanka-trends-collector/data/raw/architect_20251117_0542.csv
2025-11-17 05:42:28 UTC - SUCCESS: architect
2025-11-17 05:42:28 UTC - Run finished.

2025-11-17 05:51:50 UTC - Selected keyword: atm
2025-11-17 05:51:51 UTC - Saved file: /home/runner/work/sri-lanka-trends-collector/sri-lanka-trends-collector/data/raw/atm_20251117_0551.csv
2025-11-17 05:51:51 UTC - SUCCESS: atm
2025-11-17 05:51:51 UTC - Run finished.

2025-11-17 06:25:52 UTC - Selected keyword: bank
2025-11-17 06:25:53 UTC - Saved file: /home/runner/work/sri-lanka-trends-collector/sri-lanka-trends-collector/data/raw/bank_20251117_0625.csv
2025-11-17 06:25:53 UTC - SUCCESS: bank
2025-11-17 06:25:53 UTC - Run finished.

2025-11-17 06:51:54 UTC - Selected keyword: bankruptcy
2025-11-17 06:51:55 UTC - Saved file: /home/runner/work/sri-lanka-trends-collector/sri-lanka-trends-collector/data/raw/bankruptcy_20251117_0651.csv
2025-11-17 06:51:55 UTC - SUCCESS: bankruptcy
2025-11-17 06:51:55 UTC - Run finished.

2025-11-17 07:16:51 UTC - Selected keyword: beach
2025-11-17 07:16:52 UTC - Attempt 1 failed for 'beach': The request failed: Google returned a response with code 429. Backing off 60s
2025-11-17 07:17:52 UTC - Saved file: /home/runner/work/sri-lanka-trends-collector/sri-lanka-trends-collector/data/raw/beach_20251117_0717.csv
2025-11-17 07:17:52 UTC - SUCCESS: beach
2025-11-17 07:17:52 UTC - Run finished.

